<?xml version="1.0" encoding="UTF-8"?>
<testsuites>
  <testsuite name="/Users/ash/Studio/to-local/wp-content/plugins/tour-operator/phpunit.xml" tests="10" assertions="42" errors="0" failures="0" skipped="0" time="0.007791">
    <testsuite name="Tour Operator Plugin Test Suite" tests="10" assertions="42" errors="0" failures="0" skipped="0" time="0.007791">
      <testsuite name="TestTourOperatorBasic" file="/Users/ash/Studio/to-local/wp-content/plugins/tour-operator/tests/php/TestTourOperatorBasic.php" tests="10" assertions="42" errors="0" failures="0" skipped="0" time="0.007791">
        <testcase name="test_plugin_loaded" file="/Users/ash/Studio/to-local/wp-content/plugins/tour-operator/tests/php/TestTourOperatorBasic.php" line="16" class="TestTourOperatorBasic" classname="TestTourOperatorBasic" assertions="3" time="0.004167"/>
        <testcase name="test_post_types_registered" file="/Users/ash/Studio/to-local/wp-content/plugins/tour-operator/tests/php/TestTourOperatorBasic.php" line="26" class="TestTourOperatorBasic" classname="TestTourOperatorBasic" assertions="3" time="0.001247"/>
        <testcase name="test_create_tour" file="/Users/ash/Studio/to-local/wp-content/plugins/tour-operator/tests/php/TestTourOperatorBasic.php" line="38" class="TestTourOperatorBasic" classname="TestTourOperatorBasic" assertions="5" time="0.000852"/>
        <testcase name="test_create_accommodation" file="/Users/ash/Studio/to-local/wp-content/plugins/tour-operator/tests/php/TestTourOperatorBasic.php" line="54" class="TestTourOperatorBasic" classname="TestTourOperatorBasic" assertions="5" time="0.000164"/>
        <testcase name="test_create_destination" file="/Users/ash/Studio/to-local/wp-content/plugins/tour-operator/tests/php/TestTourOperatorBasic.php" line="70" class="TestTourOperatorBasic" classname="TestTourOperatorBasic" assertions="5" time="0.000156"/>
        <testcase name="test_tour_meta_data" file="/Users/ash/Studio/to-local/wp-content/plugins/tour-operator/tests/php/TestTourOperatorBasic.php" line="86" class="TestTourOperatorBasic" classname="TestTourOperatorBasic" assertions="2" time="0.000113"/>
        <testcase name="test_tour_with_relations" file="/Users/ash/Studio/to-local/wp-content/plugins/tour-operator/tests/php/TestTourOperatorBasic.php" line="101" class="TestTourOperatorBasic" classname="TestTourOperatorBasic" assertions="15" time="0.000190"/>
        <testcase name="test_plugin_version" file="/Users/ash/Studio/to-local/wp-content/plugins/tour-operator/tests/php/TestTourOperatorBasic.php" line="125" class="TestTourOperatorBasic" classname="TestTourOperatorBasic" assertions="2" time="0.000775"/>
        <testcase name="test_activation_hooks" file="/Users/ash/Studio/to-local/wp-content/plugins/tour-operator/tests/php/TestTourOperatorBasic.php" line="134" class="TestTourOperatorBasic" classname="TestTourOperatorBasic" assertions="1" time="0.000070"/>
        <testcase name="test_wordpress_hooks" file="/Users/ash/Studio/to-local/wp-content/plugins/tour-operator/tests/php/TestTourOperatorBasic.php" line="144" class="TestTourOperatorBasic" classname="TestTourOperatorBasic" assertions="1" time="0.000057"/>
      </testsuite>
    </testsuite>
  </testsuite>
</testsuites>
